android/build/app/outputs/mapping/release/seeds.txt
androidx.window.layout.SidecarAdapter$Companion: int getRawSidecarDevicePosture(androidx.window.sidecar.SidecarDeviceState)
io.flutter.plugin.platform.SingleViewPresentation: void onCreate(android.os.Bundle)
androidx.window.core.Bounds: int getHeight()
androidx.window.layout.WindowMetricsCalculatorCompat: androidx.window.layout.WindowMetrics computeCurrentWindowMetrics(android.app.Activity)
androidx.window.embedding.ExtensionEmbeddingBackend: boolean isSplitSupported()
androidx.window.embedding.SplitController: androidx.window.embedding.SplitController access$getGlobalInstance$cp()
androidx.core.view.WindowInsetsCompat$BuilderImpl: WindowInsetsCompat$BuilderImpl(androidx.core.view.WindowInsetsCompat)
android.support.v4.app.RemoteActionCompatParcelizer: androidx.core.app.RemoteActionCompat read(androidx.versionedparcelable.VersionedParcel)
androidx.window.embedding.EmbeddingBackend: void unregisterSplitListenerForActivity(androidx.core.util.Consumer)
androidx.window.embedding.EmbeddingAdapter: androidx.window.embedding.SplitInfo translate(androidx.window.extensions.embedding.SplitInfo)
androidx.window.layout.ActivityCompatHelperApi24: boolean isInMultiWindowMode(android.app.Activity)
androidx.window.core.Bounds: Bounds(android.graphics.Rect)
kotlin.coroutines.jvm.internal.SuspendLambda: int getArity()
androidx.window.layout.SidecarWindowBackend: void setWindowExtension(androidx.window.layout.ExtensionInterfaceCompat)
io.flutter.embedding.engine.FlutterJNI: java.lang.String getVMServiceUri()
androidx.window.layout.FoldingFeature: androidx.window.layout.FoldingFeature$State getState()
kotlin.coroutines.jvm.internal.BaseContinuationImpl: java.lang.StackTraceElement getStackTraceElement()
androidx.window.embedding.ExtensionEmbeddingBackend$EmbeddingCallbackImpl: void onSplitInfoChanged(java.util.List)
androidx.window.layout.SidecarAdapter: boolean isEqualSidecarWindowLayoutInfo(androidx.window.sidecar.SidecarWindowLayoutInfo,androidx.window.sidecar.SidecarWindowLayoutInfo)
androidx.window.embedding.SplitController: void removeSplitListener(androidx.core.util.Consumer)
androidx.window.embedding.ActivityStack: java.lang.String toString()
androidx.window.embedding.SplitPairRule: int hashCode()
kotlin.coroutines.AbstractCoroutineContextElement: kotlin.coroutines.CoroutineContext plus(kotlin.coroutines.CoroutineContext)
androidx.window.embedding.EmbeddingAdapter: java.util.function.Predicate translateParentMetricsPredicate(androidx.window.embedding.SplitRule)
io.flutter.embedding.engine.FlutterJNI: void nativeSetSemanticsEnabled(long,boolean)
io.flutter.view.AccessibilityViewEmbedder: android.view.accessibility.AccessibilityNodeInfo getRootNode(android.view.View,int,android.graphics.Rect)
androidx.window.layout.HardwareFoldingFeature: boolean equals(java.lang.Object)
androidx.core.view.WindowInsetsCompat$BuilderImpl: androidx.core.view.WindowInsetsCompat build()
androidx.window.embedding.ActivityFilter: int hashCode()
androidx.core.view.WindowInsetsCompat$Impl28: WindowInsetsCompat$Impl28(androidx.core.view.WindowInsetsCompat,android.view.WindowInsets)
androidx.window.embedding.SplitPairRule: boolean equals(java.lang.Object)
androidx.core.view.WindowInsetsCompat$Impl30: boolean isVisible(int)
kotlinx.coroutines.scheduling.CoroutineScheduler$WorkerState: kotlinx.coroutines.scheduling.CoroutineScheduler$WorkerState[] values()
io.flutter.embedding.android.FlutterImageView$SurfaceKind: io.flutter.embedding.android.FlutterImageView$SurfaceKind valueOf(java.lang.String)
androidx.core.view.WindowInsetsCompat$Impl20: androidx.core.graphics.Insets getInsets(int,boolean)
androidx.window.layout.ExtensionsWindowLayoutInfoAdapter: androidx.window.layout.WindowLayoutInfo translate$window_release(android.app.Activity,androidx.window.extensions.layout.WindowLayoutInfo)
io.flutter.embedding.android.DrawableSplashScreen$DrawableSplashScreenView: void setSplashDrawable(android.graphics.drawable.Drawable)